
  .   ____          _            __ _ _
 /\\ / ___'_ __ _ _(_)_ __  __ _ \ \ \ \
( ( )\___ | '_ | '_| | '_ \/ _` | \ \ \ \
 \\/  ___)| |_)| | | | | || (_| |  ) ) ) )
  '  |____| .__|_| |_|_| |_\__, | / / / /
 =========|_|==============|___/=/_/_/_/

 :: Spring Boot ::                (v3.5.7)

2026-04-28T01:08:16.992+08:00  INFO 64172 --- [music-online-backend] [           main] c.s.musiconline.MusicOnlineApplication   : Starting MusicOnlineApplication v0.0.1-SNAPSHOT using Java 22.0.2 with PID 64172 (C:\Users\rog\IdeaProjects\music-online-backend\target\music-online-backend-0.0.1-SNAPSHOT.jar started by rog in C:\Users\rog\IdeaProjects\music-online-backend)
2026-04-28T01:08:16.993+08:00  INFO 64172 --- [music-online-backend] [           main] c.s.musiconline.MusicOnlineApplication   : No active profile set, falling back to 1 default profile: "default"
2026-04-28T01:08:18.095+08:00  INFO 64172 --- [music-online-backend] [           main] o.s.b.w.embedded.tomcat.TomcatWebServer  : Tomcat initialized with port 18080 (http)
2026-04-28T01:08:18.108+08:00  INFO 64172 --- [music-online-backend] [           main] o.apache.catalina.core.StandardService   : Starting service [Tomcat]
2026-04-28T01:08:18.108+08:00  INFO 64172 --- [music-online-backend] [           main] o.apache.catalina.core.StandardEngine    : Starting Servlet engine: [Apache Tomcat/10.1.48]
2026-04-28T01:08:18.137+08:00  INFO 64172 --- [music-online-backend] [           main] o.a.c.c.C.[Tomcat].[localhost].[/]       : Initializing Spring embedded WebApplicationContext
2026-04-28T01:08:18.137+08:00  INFO 64172 --- [music-online-backend] [           main] w.s.c.ServletWebServerApplicationContext : Root WebApplicationContext: initialization completed in 1105 ms
Logging initialized using 'class org.apache.ibatis.logging.stdout.StdOutImpl' adapter.
Get /192.168.1.79 network interface 
Get network interface info: name:wireless_32768 (MediaTek Wi-Fi 6E MT7922 (RZ616) 160MHz Wireless LAN Card)
Initialization Sequence datacenterId:6 workerId:24
 _ _   |_  _ _|_. ___ _ |    _ 
| | |\/|_)(_| | |_\  |_)||_|_\ 
     /               |         
                        3.5.14 
2026-04-28T01:08:19.100+08:00  INFO 64172 --- [music-online-backend] [           main] m.e.s.MybatisPlusApplicationContextAware : Register ApplicationContext instances org.springframework.boot.web.servlet.context.AnnotationConfigServletWebServerApplicationContext@13d9b21f
2026-04-28T01:08:19.242+08:00  INFO 64172 --- [music-online-backend] [           main] o.s.b.w.embedded.tomcat.TomcatWebServer  : Tomcat started on port 18080 (http) with context path '/'
2026-04-28T01:08:19.250+08:00  INFO 64172 --- [music-online-backend] [           main] c.s.musiconline.MusicOnlineApplication   : Started MusicOnlineApplication in 3.518 seconds (process running for 3.897)
2026-04-28T01:08:30.400+08:00  INFO 64172 --- [music-online-backend] [io-18080-exec-1] o.a.c.c.C.[Tomcat].[localhost].[/]       : Initializing Spring DispatcherServlet 'dispatcherServlet'
2026-04-28T01:08:30.400+08:00  INFO 64172 --- [music-online-backend] [io-18080-exec-1] o.s.web.servlet.DispatcherServlet        : Initializing Servlet 'dispatcherServlet'
2026-04-28T01:08:30.400+08:00  INFO 64172 --- [music-online-backend] [io-18080-exec-1] o.s.web.servlet.DispatcherServlet        : Completed initialization in 0 ms
2026-04-28T01:09:00.416+08:00  INFO 64172 --- [music-online-backend] [io-18080-exec-3] com.zaxxer.hikari.HikariDataSource       : HikariPool-1 - Starting...
Creating a new SqlSession
SqlSession [org.apache.ibatis.session.defaults.DefaultSqlSession@2bb4c8e6] was not registered for synchronization because synchronization is not active
2026-04-28T01:09:01.689+08:00  INFO 64172 --- [music-online-backend] [io-18080-exec-4] com.zaxxer.hikari.HikariDataSource       : HikariPool-1 - Starting...
Closing non transactional SqlSession [org.apache.ibatis.session.defaults.DefaultSqlSession@2bb4c8e6]
Creating a new SqlSession
SqlSession [org.apache.ibatis.session.defaults.DefaultSqlSession@5bc3001c] was not registered for synchronization because synchronization is not active
2026-04-28T01:09:02.741+08:00  INFO 64172 --- [music-online-backend] [io-18080-exec-8] com.zaxxer.hikari.HikariDataSource       : HikariPool-1 - Starting...
Closing non transactional SqlSession [org.apache.ibatis.session.defaults.DefaultSqlSession@5bc3001c]
Creating a new SqlSession
SqlSession [org.apache.ibatis.session.defaults.DefaultSqlSession@600e54d0] was not registered for synchronization because synchronization is not active
2026-04-28T01:09:03.767+08:00  INFO 64172 --- [music-online-backend] [io-18080-exec-1] com.zaxxer.hikari.HikariDataSource       : HikariPool-1 - Starting...
Closing non transactional SqlSession [org.apache.ibatis.session.defaults.DefaultSqlSession@600e54d0]
2026-04-28T01:09:45.688+08:00  INFO 64172 --- [music-online-backend] [io-18080-exec-3] com.zaxxer.hikari.HikariDataSource       : HikariPool-1 - Starting...
