[INFO] Scanning for projects...
[INFO] 
[INFO] --------------------< com.sqa:music-online-backend >--------------------
[INFO] Building music-online-backend 0.0.1-SNAPSHOT
[INFO]   from pom.xml
[INFO] --------------------------------[ jar ]---------------------------------
[INFO] 
[INFO] >>> spring-boot:3.5.7:run (default-cli) > test-compile @ music-online-backend >>>
[INFO] 
[INFO] --- resources:3.3.1:resources (default-resources) @ music-online-backend ---
[INFO] Copying 1 resource from src\main\resources to target\classes
[INFO] Copying 0 resource from src\main\resources to target\classes
[INFO] 
[INFO] --- compiler:3.14.1:compile (default-compile) @ music-online-backend ---
[INFO] Nothing to compile - all classes are up to date.
[INFO] 
[INFO] --- resources:3.3.1:testResources (default-testResources) @ music-online-backend ---
[INFO] skip non existing resourceDirectory C:\Users\rog\IdeaProjects\music-online-backend\src\test\resources
[INFO] 
[INFO] --- compiler:3.14.1:testCompile (default-testCompile) @ music-online-backend ---
[INFO] Nothing to compile - all classes are up to date.
[INFO] 
[INFO] <<< spring-boot:3.5.7:run (default-cli) < test-compile @ music-online-backend <<<
[INFO] 
[INFO] 
[INFO] --- spring-boot:3.5.7:run (default-cli) @ music-online-backend ---
[INFO] Attaching agents: []

  .   ____          _            __ _ _
 /\\ / ___'_ __ _ _(_)_ __  __ _ \ \ \ \
( ( )\___ | '_ | '_| | '_ \/ _` | \ \ \ \
 \\/  ___)| |_)| | | | | || (_| |  ) ) ) )
  '  |____| .__|_| |_|_| |_\__, | / / / /
 =========|_|==============|___/=/_/_/_/

 :: Spring Boot ::                (v3.5.7)

2026-04-26T13:53:47.321+08:00  INFO 89948 --- [music-online-backend] [           main] c.s.musiconline.MusicOnlineApplication   : Starting MusicOnlineApplication using Java 22.0.2 with PID 89948 (C:\Users\rog\IdeaProjects\music-online-backend\target\classes started by rog in C:\Users\rog\IdeaProjects\music-online-backend)
2026-04-26T13:53:47.323+08:00  INFO 89948 --- [music-online-backend] [           main] c.s.musiconline.MusicOnlineApplication   : No active profile set, falling back to 1 default profile: "default"
2026-04-26T13:53:47.978+08:00  INFO 89948 --- [music-online-backend] [           main] o.s.b.w.embedded.tomcat.TomcatWebServer  : Tomcat initialized with port 18084 (http)
2026-04-26T13:53:47.987+08:00  INFO 89948 --- [music-online-backend] [           main] o.apache.catalina.core.StandardService   : Starting service [Tomcat]
2026-04-26T13:53:47.989+08:00  INFO 89948 --- [music-online-backend] [           main] o.apache.catalina.core.StandardEngine    : Starting Servlet engine: [Apache Tomcat/10.1.48]
2026-04-26T13:53:48.022+08:00  INFO 89948 --- [music-online-backend] [           main] o.a.c.c.C.[Tomcat].[localhost].[/]       : Initializing Spring embedded WebApplicationContext
2026-04-26T13:53:48.023+08:00  INFO 89948 --- [music-online-backend] [           main] w.s.c.ServletWebServerApplicationContext : Root WebApplicationContext: initialization completed in 677 ms
Logging initialized using 'class org.apache.ibatis.logging.stdout.StdOutImpl' adapter.
Get /192.168.1.79 network interface 
Get network interface info: name:wireless_32768 (MediaTek Wi-Fi 6E MT7922 (RZ616) 160MHz Wireless LAN Card)
Initialization Sequence datacenterId:6 workerId:6
 _ _   |_  _ _|_. ___ _ |    _ 
| | |\/|_)(_| | |_\  |_)||_|_\ 
     /               |         
                        3.5.14 
2026-04-26T13:53:48.426+08:00  INFO 89948 --- [music-online-backend] [           main] m.e.s.MybatisPlusApplicationContextAware : Register ApplicationContext instances org.springframework.boot.web.servlet.context.AnnotationConfigServletWebServerApplicationContext@34c01041
2026-04-26T13:53:48.510+08:00  INFO 89948 --- [music-online-backend] [           main] o.s.b.w.embedded.tomcat.TomcatWebServer  : Tomcat started on port 18084 (http) with context path '/'
2026-04-26T13:53:48.516+08:00  INFO 89948 --- [music-online-backend] [           main] c.s.musiconline.MusicOnlineApplication   : Started MusicOnlineApplication in 1.718 seconds (process running for 1.926)
2026-04-26T13:53:58.117+08:00  INFO 89948 --- [music-online-backend] [io-18084-exec-1] o.a.c.c.C.[Tomcat].[localhost].[/]       : Initializing Spring DispatcherServlet 'dispatcherServlet'
2026-04-26T13:53:58.118+08:00  INFO 89948 --- [music-online-backend] [io-18084-exec-1] o.s.web.servlet.DispatcherServlet        : Initializing Servlet 'dispatcherServlet'
2026-04-26T13:53:58.119+08:00  INFO 89948 --- [music-online-backend] [io-18084-exec-1] o.s.web.servlet.DispatcherServlet        : Completed initialization in 1 ms
Creating a new SqlSession
SqlSession [org.apache.ibatis.session.defaults.DefaultSqlSession@49f7d603] was not registered for synchronization because synchronization is not active
2026-04-26T13:53:58.157+08:00  INFO 89948 --- [music-online-backend] [io-18084-exec-1] com.zaxxer.hikari.HikariDataSource       : HikariPool-1 - Starting...
2026-04-26T13:53:58.253+08:00  INFO 89948 --- [music-online-backend] [io-18084-exec-1] com.zaxxer.hikari.pool.HikariPool        : HikariPool-1 - Added connection com.mysql.cj.jdbc.ConnectionImpl@647d9524
2026-04-26T13:53:58.254+08:00  INFO 89948 --- [music-online-backend] [io-18084-exec-1] com.zaxxer.hikari.HikariDataSource       : HikariPool-1 - Start completed.
JDBC Connection [HikariProxyConnection@2005957305 wrapping com.mysql.cj.jdbc.ConnectionImpl@647d9524] will not be managed by Spring
==>  Preparing: SELECT id,username,email,password_hash,display_name,phone,country,city,address_line1,address_line2,postcode,account_status,created_at,updated_at FROM users WHERE id=?
==> Parameters: 5(Long)
<==    Columns: id, username, email, password_hash, display_name, phone, country, city, address_line1, address_line2, postcode, account_status, created_at, updated_at
<==        Row: 5, buyer_amy, buyer_amy@music-online.local, fcf730b6d95236ecd3c9fc2d92d7b6b2bb061514961aec041d6c7a7192f592e4, Amy Turner, 1111111111, UK, London, 1 River Street, null, E1 1AA, ACTIVE, 2026-04-26 13:52:04, 2026-04-26 13:52:04
<==      Total: 1
Closing non transactional SqlSession [org.apache.ibatis.session.defaults.DefaultSqlSession@49f7d603]
Creating a new SqlSession
SqlSession [org.apache.ibatis.session.defaults.DefaultSqlSession@38791693] was not registered for synchronization because synchronization is not active
JDBC Connection [HikariProxyConnection@837041879 wrapping com.mysql.cj.jdbc.ConnectionImpl@647d9524] will not be managed by Spring
==>  Preparing: SELECT id,user_id,role_id,assigned_at,assigned_by_admin_id FROM users_roles WHERE (user_id = ?)
==> Parameters: 5(Long)
<==    Columns: id, user_id, role_id, assigned_at, assigned_by_admin_id
<==        Row: 6, 5, 1, 2026-04-26 13:52:04, null
<==      Total: 1
Closing non transactional SqlSession [org.apache.ibatis.session.defaults.DefaultSqlSession@38791693]
Creating a new SqlSession
SqlSession [org.apache.ibatis.session.defaults.DefaultSqlSession@568fd518] was not registered for synchronization because synchronization is not active
JDBC Connection [HikariProxyConnection@411739504 wrapping com.mysql.cj.jdbc.ConnectionImpl@647d9524] will not be managed by Spring
==>  Preparing: SELECT id,role_key,role_name,description,created_at,updated_at FROM roles WHERE id=?
==> Parameters: 1(Long)
<==    Columns: id, role_key, role_name, description, created_at, updated_at
<==        Row: 1, ROLE_USER, User, Default registered customer role, 2026-04-25 12:44:16, 2026-04-25 12:44:16
<==      Total: 1
Closing non transactional SqlSession [org.apache.ibatis.session.defaults.DefaultSqlSession@568fd518]
