[INFO] Scanning for projects...
[INFO] 
[INFO] --------------------< com.sqa:music-online-backend >--------------------
[INFO] Building music-online-backend 0.0.1-SNAPSHOT
[INFO]   from pom.xml
[INFO] --------------------------------[ jar ]---------------------------------
[INFO] 
[INFO] >>> spring-boot:3.5.7:run (default-cli) > test-compile @ music-online-backend >>>
[INFO] 
[INFO] --- resources:3.3.1:resources (default-resources) @ music-online-backend ---
[INFO] Copying 1 resource from src\main\resources to target\classes
[INFO] Copying 0 resource from src\main\resources to target\classes
[INFO] 
[INFO] --- compiler:3.14.1:compile (default-compile) @ music-online-backend ---
[INFO] Nothing to compile - all classes are up to date.
[INFO] 
[INFO] --- resources:3.3.1:testResources (default-testResources) @ music-online-backend ---
[INFO] skip non existing resourceDirectory C:\Users\rog\IdeaProjects\music-online-backend\src\test\resources
[INFO] 
[INFO] --- compiler:3.14.1:testCompile (default-testCompile) @ music-online-backend ---
[INFO] Nothing to compile - all classes are up to date.
[INFO] 
[INFO] <<< spring-boot:3.5.7:run (default-cli) < test-compile @ music-online-backend <<<
[INFO] 
[INFO] 
[INFO] --- spring-boot:3.5.7:run (default-cli) @ music-online-backend ---
[INFO] Attaching agents: []

  .   ____          _            __ _ _
 /\\ / ___'_ __ _ _(_)_ __  __ _ \ \ \ \
( ( )\___ | '_ | '_| | '_ \/ _` | \ \ \ \
 \\/  ___)| |_)| | | | | || (_| |  ) ) ) )
  '  |____| .__|_| |_|_| |_\__, | / / / /
 =========|_|==============|___/=/_/_/_/

 :: Spring Boot ::                (v3.5.7)

2026-04-26T13:52:59.258+08:00  INFO 20700 --- [music-online-backend] [           main] c.s.musiconline.MusicOnlineApplication   : Starting MusicOnlineApplication using Java 22.0.2 with PID 20700 (C:\Users\rog\IdeaProjects\music-online-backend\target\classes started by rog in C:\Users\rog\IdeaProjects\music-online-backend)
2026-04-26T13:52:59.260+08:00  INFO 20700 --- [music-online-backend] [           main] c.s.musiconline.MusicOnlineApplication   : No active profile set, falling back to 1 default profile: "default"
2026-04-26T13:52:59.924+08:00  INFO 20700 --- [music-online-backend] [           main] o.s.b.w.embedded.tomcat.TomcatWebServer  : Tomcat initialized with port 18083 (http)
2026-04-26T13:52:59.935+08:00  INFO 20700 --- [music-online-backend] [           main] o.apache.catalina.core.StandardService   : Starting service [Tomcat]
2026-04-26T13:52:59.936+08:00  INFO 20700 --- [music-online-backend] [           main] o.apache.catalina.core.StandardEngine    : Starting Servlet engine: [Apache Tomcat/10.1.48]
2026-04-26T13:52:59.976+08:00  INFO 20700 --- [music-online-backend] [           main] o.a.c.c.C.[Tomcat].[localhost].[/]       : Initializing Spring embedded WebApplicationContext
2026-04-26T13:52:59.976+08:00  INFO 20700 --- [music-online-backend] [           main] w.s.c.ServletWebServerApplicationContext : Root WebApplicationContext: initialization completed in 692 ms
Logging initialized using 'class org.apache.ibatis.logging.stdout.StdOutImpl' adapter.
Get /192.168.1.79 network interface 
Get network interface info: name:wireless_32768 (MediaTek Wi-Fi 6E MT7922 (RZ616) 160MHz Wireless LAN Card)
Initialization Sequence datacenterId:6 workerId:3
 _ _   |_  _ _|_. ___ _ |    _ 
| | |\/|_)(_| | |_\  |_)||_|_\ 
     /               |         
                        3.5.14 
2026-04-26T13:53:00.383+08:00  INFO 20700 --- [music-online-backend] [           main] m.e.s.MybatisPlusApplicationContextAware : Register ApplicationContext instances org.springframework.boot.web.servlet.context.AnnotationConfigServletWebServerApplicationContext@34c01041
2026-04-26T13:53:00.473+08:00  INFO 20700 --- [music-online-backend] [           main] o.s.b.w.embedded.tomcat.TomcatWebServer  : Tomcat started on port 18083 (http) with context path '/'
2026-04-26T13:53:00.480+08:00  INFO 20700 --- [music-online-backend] [           main] c.s.musiconline.MusicOnlineApplication   : Started MusicOnlineApplication in 1.753 seconds (process running for 1.956)
2026-04-26T13:53:09.978+08:00  INFO 20700 --- [music-online-backend] [io-18083-exec-3] o.a.c.c.C.[Tomcat].[localhost].[/]       : Initializing Spring DispatcherServlet 'dispatcherServlet'
2026-04-26T13:53:09.979+08:00  INFO 20700 --- [music-online-backend] [io-18083-exec-3] o.s.web.servlet.DispatcherServlet        : Initializing Servlet 'dispatcherServlet'
2026-04-26T13:53:09.979+08:00  INFO 20700 --- [music-online-backend] [io-18083-exec-3] o.s.web.servlet.DispatcherServlet        : Completed initialization in 0 ms
Creating a new SqlSession
SqlSession [org.apache.ibatis.session.defaults.DefaultSqlSession@20a27784] was not registered for synchronization because synchronization is not active
2026-04-26T13:53:10.059+08:00  INFO 20700 --- [music-online-backend] [io-18083-exec-3] com.zaxxer.hikari.HikariDataSource       : HikariPool-1 - Starting...
2026-04-26T13:53:10.169+08:00  INFO 20700 --- [music-online-backend] [io-18083-exec-3] com.zaxxer.hikari.pool.HikariPool        : HikariPool-1 - Added connection com.mysql.cj.jdbc.ConnectionImpl@996e8ce
2026-04-26T13:53:10.171+08:00  INFO 20700 --- [music-online-backend] [io-18083-exec-3] com.zaxxer.hikari.HikariDataSource       : HikariPool-1 - Start completed.
JDBC Connection [HikariProxyConnection@41714568 wrapping com.mysql.cj.jdbc.ConnectionImpl@996e8ce] will not be managed by Spring
==>  Preparing: SELECT id,seller_user_id,artist_name,title,format_type,genre_name,condition_grade,release_date,price,stock_quantity,description,cover_image_url,listing_status,created_at,updated_at FROM vinyls WHERE (listing_status = ? AND stock_quantity > ?) ORDER BY id DESC
==> Parameters: ACTIVE(String), 0(Integer)
<==    Columns: id, seller_user_id, artist_name, title, format_type, genre_name, condition_grade, release_date, price, stock_quantity, description, cover_image_url, listing_status, created_at, updated_at
<==        Row: 15, 8, Kendrick Lamar, To Pimp a Butterfly, ALBUM, Hip-Hop, NM, 2015-03-15, 59.00, 3, <<BLOB>>, https://example.com/to-pimp-a-butterfly.jpg, ACTIVE, 2026-04-26 13:52:04, 2026-04-26 13:52:04
<==        Row: 14, 8, Radiohead, In Rainbows, ALBUM, Alternative, NM, 2007-12-28, 62.00, 2, <<BLOB>>, https://example.com/in-rainbows.jpg, ACTIVE, 2026-04-26 13:52:04, 2026-04-26 13:52:04
<==        Row: 13, 8, Madvillain, Madvillainy, ALBUM, Hip-Hop, NM, 2004-03-23, 58.50, 2, <<BLOB>>, https://example.com/madvillainy.jpg, ACTIVE, 2026-04-26 13:52:04, 2026-04-26 13:52:04
<==        Row: 12, 8, The Cure, Disintegration, ALBUM, Alternative, VG+, 1989-05-02, 73.00, 3, <<BLOB>>, https://example.com/disintegration.jpg, ACTIVE, 2026-04-26 13:52:04, 2026-04-26 13:52:04
<==        Row: 11, 8, Cocteau Twins, Heaven or Las Vegas, ALBUM, Dream Pop, NM, 1990-09-17, 69.50, 2, <<BLOB>>, https://example.com/heaven-or-las-vegas.jpg, ACTIVE, 2026-04-26 13:52:04, 2026-04-26 13:52:04
<==        Row: 10, 8, Nick Drake, Pink Moon, ALBUM, Folk, VG+, 1972-02-25, 84.00, 1, <<BLOB>>, https://example.com/pink-moon.jpg, ACTIVE, 2026-04-26 13:52:04, 2026-04-26 13:52:04
<==        Row: 9, 8, David Bowie, Low, ALBUM, Art Rock, VG+, 1977-01-14, 61.00, 2, <<BLOB>>, https://example.com/low.jpg, ACTIVE, 2026-04-26 13:52:04, 2026-04-26 13:52:04
<==        Row: 8, 8, The Clash, London Calling, ALBUM, Punk, VG, 1979-12-14, 54.99, 4, <<BLOB>>, https://example.com/london-calling.jpg, ACTIVE, 2026-04-26 13:52:04, 2026-04-26 13:52:04
<==        Row: 7, 7, David Bowie, Blackstar, ALBUM, Art Rock, NM, 2016-01-08, 65.00, 2, <<BLOB>>, https://example.com/blackstar.jpg, ACTIVE, 2026-04-26 13:52:04, 2026-04-26 13:52:04
<==        Row: 6, 7, Portishead, Dummy, ALBUM, Trip-Hop, NM, 1994-08-22, 72.00, 1, <<BLOB>>, https://example.com/dummy.jpg, ACTIVE, 2026-04-26 13:52:04, 2026-04-26 13:52:04
<==        Row: 5, 7, Talking Heads, Remain in Light, ALBUM, Art Rock, VG+, 1980-10-08, 57.00, 2, <<BLOB>>, https://example.com/remain-in-light.jpg, ACTIVE, 2026-04-26 13:52:04, 2026-04-26 13:52:04
<==        Row: 4, 7, Joy Division, Unknown Pleasures, ALBUM, Post-Punk, VG+, 1979-06-15, 88.00, 2, <<BLOB>>, https://example.com/unknown-pleasures.jpg, ACTIVE, 2026-04-26 13:52:04, 2026-04-26 13:52:04
<==        Row: 3, 7, John Coltrane, A Love Supreme, ALBUM, Jazz, VG, 1965-02-01, 68.50, 1, <<BLOB>>, https://example.com/a-love-supreme.jpg, ACTIVE, 2026-04-26 13:52:04, 2026-04-26 13:52:04
<==        Row: 2, 7, Miles Davis, Kind of Blue, ALBUM, Jazz, NM, 1959-08-17, 95.00, 3, <<BLOB>>, https://example.com/kind-of-blue.jpg, ACTIVE, 2026-04-26 13:52:04, 2026-04-26 13:52:04
<==        Row: 1, 7, John Coltrane, Blue Train, ALBUM, Jazz, VG+, 1957-09-15, 79.99, 2, <<BLOB>>, https://example.com/blue-train.jpg, ACTIVE, 2026-04-26 13:52:04, 2026-04-26 13:52:04
<==      Total: 15
Closing non transactional SqlSession [org.apache.ibatis.session.defaults.DefaultSqlSession@20a27784]
Creating a new SqlSession
SqlSession [org.apache.ibatis.session.defaults.DefaultSqlSession@33f9dc89] was not registered for synchronization because synchronization is not active
JDBC Connection [HikariProxyConnection@520719620 wrapping com.mysql.cj.jdbc.ConnectionImpl@996e8ce] will not be managed by Spring
==>  Preparing: SELECT id,username,email,password_hash,display_name,phone,country,city,address_line1,address_line2,postcode,account_status,created_at,updated_at FROM users WHERE id=?
==> Parameters: 7(Long)
<==    Columns: id, username, email, password_hash, display_name, phone, country, city, address_line1, address_line2, postcode, account_status, created_at, updated_at
<==        Row: 7, retailer_tokyo, retailer_tokyo@music-online.local, fcf730b6d95236ecd3c9fc2d92d7b6b2bb061514961aec041d6c7a7192f592e4, Tokyo Analog, 3333333333, Japan, Tokyo, 8 Vinyl Lane, null, 100-0001, ACTIVE, 2026-04-26 13:52:04, 2026-04-26 13:52:04
<==      Total: 1
Closing non transactional SqlSession [org.apache.ibatis.session.defaults.DefaultSqlSession@33f9dc89]
Creating a new SqlSession
SqlSession [org.apache.ibatis.session.defaults.DefaultSqlSession@570d1332] was not registered for synchronization because synchronization is not active
JDBC Connection [HikariProxyConnection@1705507451 wrapping com.mysql.cj.jdbc.ConnectionImpl@996e8ce] will not be managed by Spring
==>  Preparing: SELECT id,user_id,role_id,assigned_at,assigned_by_admin_id FROM users_roles WHERE (user_id = ?)
==> Parameters: 7(Long)
<==    Columns: id, user_id, role_id, assigned_at, assigned_by_admin_id
<==        Row: 9, 7, 1, 2026-04-26 13:52:04, null
<==        Row: 13, 7, 2, 2026-04-26 13:52:04, null
<==      Total: 2
Closing non transactional SqlSession [org.apache.ibatis.session.defaults.DefaultSqlSession@570d1332]
Creating a new SqlSession
SqlSession [org.apache.ibatis.session.defaults.DefaultSqlSession@6cc8eeab] was not registered for synchronization because synchronization is not active
JDBC Connection [HikariProxyConnection@651808979 wrapping com.mysql.cj.jdbc.ConnectionImpl@996e8ce] will not be managed by Spring
==>  Preparing: SELECT id,role_key,role_name,description,created_at,updated_at FROM roles WHERE id=?
==> Parameters: 1(Long)
<==    Columns: id, role_key, role_name, description, created_at, updated_at
<==        Row: 1, ROLE_USER, User, Default registered customer role, 2026-04-25 12:44:16, 2026-04-25 12:44:16
<==      Total: 1
Closing non transactional SqlSession [org.apache.ibatis.session.defaults.DefaultSqlSession@6cc8eeab]
Creating a new SqlSession
SqlSession [org.apache.ibatis.session.defaults.DefaultSqlSession@ee13ad1] was not registered for synchronization because synchronization is not active
JDBC Connection [HikariProxyConnection@628563984 wrapping com.mysql.cj.jdbc.ConnectionImpl@996e8ce] will not be managed by Spring
==>  Preparing: SELECT id,role_key,role_name,description,created_at,updated_at FROM roles WHERE id=?
==> Parameters: 2(Long)
<==    Columns: id, role_key, role_name, description, created_at, updated_at
<==        Row: 2, ROLE_RETAILER, Retailer, Approved seller role with listing permissions, 2026-04-25 12:44:16, 2026-04-25 12:44:16
<==      Total: 1
Closing non transactional SqlSession [org.apache.ibatis.session.defaults.DefaultSqlSession@ee13ad1]
Creating a new SqlSession
SqlSession [org.apache.ibatis.session.defaults.DefaultSqlSession@9d17ed9] was not registered for synchronization because synchronization is not active
JDBC Connection [HikariProxyConnection@1162132941 wrapping com.mysql.cj.jdbc.ConnectionImpl@996e8ce] will not be managed by Spring
==>  Preparing: SELECT id,seller_user_id,artist_name,title,format_type,genre_name,condition_grade,release_date,price,stock_quantity,description,cover_image_url,listing_status,created_at,updated_at FROM vinyls WHERE (seller_user_id = ?) ORDER BY id DESC
==> Parameters: 7(Long)
<==    Columns: id, seller_user_id, artist_name, title, format_type, genre_name, condition_grade, release_date, price, stock_quantity, description, cover_image_url, listing_status, created_at, updated_at
<==        Row: 7, 7, David Bowie, Blackstar, ALBUM, Art Rock, NM, 2016-01-08, 65.00, 2, <<BLOB>>, https://example.com/blackstar.jpg, ACTIVE, 2026-04-26 13:52:04, 2026-04-26 13:52:04
<==        Row: 6, 7, Portishead, Dummy, ALBUM, Trip-Hop, NM, 1994-08-22, 72.00, 1, <<BLOB>>, https://example.com/dummy.jpg, ACTIVE, 2026-04-26 13:52:04, 2026-04-26 13:52:04
<==        Row: 5, 7, Talking Heads, Remain in Light, ALBUM, Art Rock, VG+, 1980-10-08, 57.00, 2, <<BLOB>>, https://example.com/remain-in-light.jpg, ACTIVE, 2026-04-26 13:52:04, 2026-04-26 13:52:04
<==        Row: 4, 7, Joy Division, Unknown Pleasures, ALBUM, Post-Punk, VG+, 1979-06-15, 88.00, 2, <<BLOB>>, https://example.com/unknown-pleasures.jpg, ACTIVE, 2026-04-26 13:52:04, 2026-04-26 13:52:04
<==        Row: 3, 7, John Coltrane, A Love Supreme, ALBUM, Jazz, VG, 1965-02-01, 68.50, 1, <<BLOB>>, https://example.com/a-love-supreme.jpg, ACTIVE, 2026-04-26 13:52:04, 2026-04-26 13:52:04
<==        Row: 2, 7, Miles Davis, Kind of Blue, ALBUM, Jazz, NM, 1959-08-17, 95.00, 3, <<BLOB>>, https://example.com/kind-of-blue.jpg, ACTIVE, 2026-04-26 13:52:04, 2026-04-26 13:52:04
<==        Row: 1, 7, John Coltrane, Blue Train, ALBUM, Jazz, VG+, 1957-09-15, 79.99, 2, <<BLOB>>, https://example.com/blue-train.jpg, ACTIVE, 2026-04-26 13:52:04, 2026-04-26 13:52:04
<==      Total: 7
Closing non transactional SqlSession [org.apache.ibatis.session.defaults.DefaultSqlSession@9d17ed9]
Creating a new SqlSession
SqlSession [org.apache.ibatis.session.defaults.DefaultSqlSession@7afc46c1] was not registered for synchronization because synchronization is not active
JDBC Connection [HikariProxyConnection@1950066670 wrapping com.mysql.cj.jdbc.ConnectionImpl@996e8ce] will not be managed by Spring
==>  Preparing: SELECT id,username,email,password_hash,display_name,phone,country,city,address_line1,address_line2,postcode,account_status,created_at,updated_at FROM users WHERE id=?
==> Parameters: 5(Long)
<==    Columns: id, username, email, password_hash, display_name, phone, country, city, address_line1, address_line2, postcode, account_status, created_at, updated_at
<==        Row: 5, buyer_amy, buyer_amy@music-online.local, fcf730b6d95236ecd3c9fc2d92d7b6b2bb061514961aec041d6c7a7192f592e4, Amy Turner, 1111111111, UK, London, 1 River Street, null, E1 1AA, ACTIVE, 2026-04-26 13:52:04, 2026-04-26 13:52:04
<==      Total: 1
Closing non transactional SqlSession [org.apache.ibatis.session.defaults.DefaultSqlSession@7afc46c1]
Creating a new SqlSession
SqlSession [org.apache.ibatis.session.defaults.DefaultSqlSession@3506add5] was not registered for synchronization because synchronization is not active
JDBC Connection [HikariProxyConnection@768880634 wrapping com.mysql.cj.jdbc.ConnectionImpl@996e8ce] will not be managed by Spring
==>  Preparing: SELECT id,user_id,role_id,assigned_at,assigned_by_admin_id FROM users_roles WHERE (user_id = ?)
==> Parameters: 5(Long)
<==    Columns: id, user_id, role_id, assigned_at, assigned_by_admin_id
<==        Row: 6, 5, 1, 2026-04-26 13:52:04, null
<==      Total: 1
Closing non transactional SqlSession [org.apache.ibatis.session.defaults.DefaultSqlSession@3506add5]
Creating a new SqlSession
SqlSession [org.apache.ibatis.session.defaults.DefaultSqlSession@554125e2] was not registered for synchronization because synchronization is not active
JDBC Connection [HikariProxyConnection@1428771482 wrapping com.mysql.cj.jdbc.ConnectionImpl@996e8ce] will not be managed by Spring
==>  Preparing: SELECT id,role_key,role_name,description,created_at,updated_at FROM roles WHERE id=?
==> Parameters: 1(Long)
<==    Columns: id, role_key, role_name, description, created_at, updated_at
<==        Row: 1, ROLE_USER, User, Default registered customer role, 2026-04-25 12:44:16, 2026-04-25 12:44:16
<==      Total: 1
Closing non transactional SqlSession [org.apache.ibatis.session.defaults.DefaultSqlSession@554125e2]
Creating a new SqlSession
SqlSession [org.apache.ibatis.session.defaults.DefaultSqlSession@2270362a] was not registered for synchronization because synchronization is not active
JDBC Connection [HikariProxyConnection@1722049014 wrapping com.mysql.cj.jdbc.ConnectionImpl@996e8ce] will not be managed by Spring
==>  Preparing: SELECT id,user_id,proposed_store_name,business_region,estimated_inventory_count,application_message,fee_amount_snapshot,fee_status,review_status,review_note,submitted_at,reviewed_at,reviewed_by_admin_id FROM retailer_applications WHERE (user_id = ?) ORDER BY id DESC LIMIT 1
==> Parameters: 5(Long)
<==      Total: 0
Closing non transactional SqlSession [org.apache.ibatis.session.defaults.DefaultSqlSession@2270362a]
Creating a new SqlSession
SqlSession [org.apache.ibatis.session.defaults.DefaultSqlSession@4c63aee2] was not registered for synchronization because synchronization is not active
JDBC Connection [HikariProxyConnection@955629960 wrapping com.mysql.cj.jdbc.ConnectionImpl@996e8ce] will not be managed by Spring
==>  Preparing: SELECT id,username,email,password_hash,display_name,phone,country,city,address_line1,address_line2,postcode,account_status,created_at,updated_at FROM users WHERE id=?
==> Parameters: 5(Long)
<==    Columns: id, username, email, password_hash, display_name, phone, country, city, address_line1, address_line2, postcode, account_status, created_at, updated_at
<==        Row: 5, buyer_amy, buyer_amy@music-online.local, fcf730b6d95236ecd3c9fc2d92d7b6b2bb061514961aec041d6c7a7192f592e4, Amy Turner, 1111111111, UK, London, 1 River Street, null, E1 1AA, ACTIVE, 2026-04-26 13:52:04, 2026-04-26 13:52:04
<==      Total: 1
Closing non transactional SqlSession [org.apache.ibatis.session.defaults.DefaultSqlSession@4c63aee2]
Creating a new SqlSession
SqlSession [org.apache.ibatis.session.defaults.DefaultSqlSession@196979da] was not registered for synchronization because synchronization is not active
JDBC Connection [HikariProxyConnection@1219285163 wrapping com.mysql.cj.jdbc.ConnectionImpl@996e8ce] will not be managed by Spring
==>  Preparing: SELECT id,user_id,role_id,assigned_at,assigned_by_admin_id FROM users_roles WHERE (user_id = ?)
==> Parameters: 5(Long)
<==    Columns: id, user_id, role_id, assigned_at, assigned_by_admin_id
<==        Row: 6, 5, 1, 2026-04-26 13:52:04, null
<==      Total: 1
Closing non transactional SqlSession [org.apache.ibatis.session.defaults.DefaultSqlSession@196979da]
Creating a new SqlSession
SqlSession [org.apache.ibatis.session.defaults.DefaultSqlSession@7f4007f8] was not registered for synchronization because synchronization is not active
JDBC Connection [HikariProxyConnection@766838371 wrapping com.mysql.cj.jdbc.ConnectionImpl@996e8ce] will not be managed by Spring
==>  Preparing: SELECT id,role_key,role_name,description,created_at,updated_at FROM roles WHERE id=?
==> Parameters: 1(Long)
<==    Columns: id, role_key, role_name, description, created_at, updated_at
<==        Row: 1, ROLE_USER, User, Default registered customer role, 2026-04-25 12:44:16, 2026-04-25 12:44:16
<==      Total: 1
Closing non transactional SqlSession [org.apache.ibatis.session.defaults.DefaultSqlSession@7f4007f8]
Creating a new SqlSession
Registering transaction synchronization for SqlSession [org.apache.ibatis.session.defaults.DefaultSqlSession@5f764164]
JDBC Connection [HikariProxyConnection@1068953861 wrapping com.mysql.cj.jdbc.ConnectionImpl@996e8ce] will be managed by Spring
==>  Preparing: SELECT id,user_id,proposed_store_name,business_region,estimated_inventory_count,application_message,fee_amount_snapshot,fee_status,review_status,review_note,submitted_at,reviewed_at,reviewed_by_admin_id FROM retailer_applications WHERE (user_id = ? AND review_status = ?) ORDER BY id DESC LIMIT 1
==> Parameters: 5(Long), PENDING(String)
<==      Total: 0
Releasing transactional SqlSession [org.apache.ibatis.session.defaults.DefaultSqlSession@5f764164]
Fetched SqlSession [org.apache.ibatis.session.defaults.DefaultSqlSession@5f764164] from current transaction
==>  Preparing: INSERT INTO retailer_applications ( user_id, proposed_store_name, business_region, estimated_inventory_count, application_message, fee_amount_snapshot, fee_status, review_status ) VALUES ( ?, ?, ?, ?, ?, ?, ?, ? )
==> Parameters: 5(Long), Amy Spins(String), UK(String), 25(Integer), Curated soul and jazz records(String), 49.99(BigDecimal), UNPAID(String), PENDING(String)
<==    Updates: 1
Releasing transactional SqlSession [org.apache.ibatis.session.defaults.DefaultSqlSession@5f764164]
Transaction synchronization committing SqlSession [org.apache.ibatis.session.defaults.DefaultSqlSession@5f764164]
Transaction synchronization deregistering SqlSession [org.apache.ibatis.session.defaults.DefaultSqlSession@5f764164]
Transaction synchronization closing SqlSession [org.apache.ibatis.session.defaults.DefaultSqlSession@5f764164]
Creating a new SqlSession
SqlSession [org.apache.ibatis.session.defaults.DefaultSqlSession@33b3a6f0] was not registered for synchronization because synchronization is not active
JDBC Connection [HikariProxyConnection@1031036662 wrapping com.mysql.cj.jdbc.ConnectionImpl@996e8ce] will not be managed by Spring
==>  Preparing: SELECT id,username,email,password_hash,display_name,phone,country,city,address_line1,address_line2,postcode,account_status,created_at,updated_at FROM users WHERE id=?
==> Parameters: 5(Long)
<==    Columns: id, username, email, password_hash, display_name, phone, country, city, address_line1, address_line2, postcode, account_status, created_at, updated_at
<==        Row: 5, buyer_amy, buyer_amy@music-online.local, fcf730b6d95236ecd3c9fc2d92d7b6b2bb061514961aec041d6c7a7192f592e4, Amy Turner, 1111111111, UK, London, 1 River Street, null, E1 1AA, ACTIVE, 2026-04-26 13:52:04, 2026-04-26 13:52:04
<==      Total: 1
Closing non transactional SqlSession [org.apache.ibatis.session.defaults.DefaultSqlSession@33b3a6f0]
Creating a new SqlSession
SqlSession [org.apache.ibatis.session.defaults.DefaultSqlSession@7c4954cd] was not registered for synchronization because synchronization is not active
JDBC Connection [HikariProxyConnection@1382279570 wrapping com.mysql.cj.jdbc.ConnectionImpl@996e8ce] will not be managed by Spring
==>  Preparing: SELECT id,user_id,role_id,assigned_at,assigned_by_admin_id FROM users_roles WHERE (user_id = ?)
==> Parameters: 5(Long)
<==    Columns: id, user_id, role_id, assigned_at, assigned_by_admin_id
<==        Row: 6, 5, 1, 2026-04-26 13:52:04, null
<==      Total: 1
Closing non transactional SqlSession [org.apache.ibatis.session.defaults.DefaultSqlSession@7c4954cd]
Creating a new SqlSession
SqlSession [org.apache.ibatis.session.defaults.DefaultSqlSession@2a3f6d34] was not registered for synchronization because synchronization is not active
JDBC Connection [HikariProxyConnection@476490626 wrapping com.mysql.cj.jdbc.ConnectionImpl@996e8ce] will not be managed by Spring
==>  Preparing: SELECT id,role_key,role_name,description,created_at,updated_at FROM roles WHERE id=?
==> Parameters: 1(Long)
<==    Columns: id, role_key, role_name, description, created_at, updated_at
<==        Row: 1, ROLE_USER, User, Default registered customer role, 2026-04-25 12:44:16, 2026-04-25 12:44:16
<==      Total: 1
Closing non transactional SqlSession [org.apache.ibatis.session.defaults.DefaultSqlSession@2a3f6d34]
Creating a new SqlSession
SqlSession [org.apache.ibatis.session.defaults.DefaultSqlSession@603cc3bd] was not registered for synchronization because synchronization is not active
JDBC Connection [HikariProxyConnection@825967683 wrapping com.mysql.cj.jdbc.ConnectionImpl@996e8ce] will not be managed by Spring
==>  Preparing: SELECT id,user_id,proposed_store_name,business_region,estimated_inventory_count,application_message,fee_amount_snapshot,fee_status,review_status,review_note,submitted_at,reviewed_at,reviewed_by_admin_id FROM retailer_applications WHERE (user_id = ?) ORDER BY id DESC LIMIT 1
==> Parameters: 5(Long)
<==    Columns: id, user_id, proposed_store_name, business_region, estimated_inventory_count, application_message, fee_amount_snapshot, fee_status, review_status, review_note, submitted_at, reviewed_at, reviewed_by_admin_id
<==        Row: 2, 5, Amy Spins, UK, 25, <<BLOB>>, 49.99, UNPAID, PENDING, null, 2026-04-26 13:53:10, null, null
<==      Total: 1
Closing non transactional SqlSession [org.apache.ibatis.session.defaults.DefaultSqlSession@603cc3bd]
